<?xml version="1.0" encoding="UTF-8"?>
<testsuite name="FizzBuzzWithMultiplesOf3And5Should" tests="4" skipped="0" failures="0" errors="0" timestamp="2019-07-16T21:20:50" hostname="MatebookX" time="0.011">
  <properties/>
  <testcase name="printFizzBuzz[0]" classname="FizzBuzzWithMultiplesOf3And5Should" time="0.003"/>
  <testcase name="printFizzBuzz[1]" classname="FizzBuzzWithMultiplesOf3And5Should" time="0.0"/>
  <testcase name="printFizzBuzz[2]" classname="FizzBuzzWithMultiplesOf3And5Should" time="0.001"/>
  <testcase name="printFizzBuzz[3]" classname="FizzBuzzWithMultiplesOf3And5Should" time="0.0"/>
  <system-out><![CDATA[]]></system-out>
  <system-err><![CDATA[]]></system-err>
</testsuite>
