<?xml version="1.0" encoding="UTF-8"?>
<testsuite name="FizzBuzzWithMultiplesOf5Should" tests="5" skipped="0" failures="0" errors="0" timestamp="2019-07-16T21:20:50" hostname="MatebookX" time="0.01">
  <properties/>
  <testcase name="printBuzz[0]" classname="FizzBuzzWithMultiplesOf5Should" time="0.0"/>
  <testcase name="printBuzz[1]" classname="FizzBuzzWithMultiplesOf5Should" time="0.0"/>
  <testcase name="printBuzz[2]" classname="FizzBuzzWithMultiplesOf5Should" time="0.003"/>
  <testcase name="printBuzz[3]" classname="FizzBuzzWithMultiplesOf5Should" time="0.0"/>
  <testcase name="printBuzz[4]" classname="FizzBuzzWithMultiplesOf5Should" time="0.0"/>
  <system-out><![CDATA[]]></system-out>
  <system-err><![CDATA[]]></system-err>
</testsuite>
